-rw-r--r-- 0/0             164 2018-08-30 22:40 firefox/platform.ini
-rwxr-xr-x 0/0         1050528 2018-08-30 22:41 firefox/libmozsqlite3.so
-rwxr-xr-x 0/0          196384 2018-08-30 22:41 firefox/libnssutil3.so
-rw-r--r-- 0/0        17285333 2018-08-30 22:41 firefox/omni.ja
-rwxr-xr-x 0/0          290072 2018-08-30 22:41 firefox/pingsender
-rwxr-xr-x 0/0         1675680 2018-08-30 22:41 firefox/libmozavcodec.so
-rwxr-xr-x 0/0           18344 2018-08-30 22:41 firefox/gtk2/libmozgtk.so
-rwxr-xr-x 0/0          176984 2018-08-30 22:41 firefox/libsmime3.so
-rwxr-xr-x 0/0          254584 2018-08-30 22:41 firefox/crashreporter
-rwxr-xr-x 0/0          458080 2018-08-30 22:41 firefox/libnssckbi.so
-rw-r--r-- 0/0               0 2018-08-30 22:09 firefox/chrome.manifest
-rwxr-xr-x 0/0          860864 2018-08-30 22:41 firefox/minidump-analyzer
-rw-r--r-- 0/0             825 2018-08-30 21:36 firefox/Throbber-small.gif
-rw-r--r-- 0/0            4003 2018-08-30 21:36 firefox/crashreporter.ini
-rwxr-xr-x 0/0          257192 2018-08-30 22:41 firefox/libnspr4.so
-rw-r--r-- 0/0             899 2018-08-30 22:41 firefox/libfreeblpriv3.chk
-rwxr-xr-x 0/0          332760 2018-08-30 22:41 firefox/libssl3.so
-rwxr-xr-x 0/0          156296 2018-08-30 22:41 firefox/updater
-rwxr-xr-x 0/0          208768 2018-08-30 22:41 firefox/libmozavutil.so
-rw-r--r-- 0/0             687 2018-08-30 22:13 firefox/application.ini
-rwxr-xr-x 0/0           18832 2018-08-30 22:41 firefox/libplc4.so
-rw-r--r-- 0/0             245 2018-08-30 22:40 firefox/defaults/pref/channel-prefs.js
-rw-r--r-- 0/0        34296958 2018-08-30 22:41 firefox/browser/omni.ja
-rw-r--r-- 0/0               0 2018-08-30 22:09 firefox/browser/chrome.manifest
-rw-r--r-- 0/0             787 2018-08-30 21:36 firefox/browser/crashreporter-override.ini
-rw-r--r-- 0/0          172476 2018-08-30 21:35 firefox/browser/blocklist.xml
-rw-r--r-- 0/0         1045617 2018-08-30 22:41 firefox/browser/features/screenshots@mozilla.org.xpi
-rw-r--r-- 0/0         2995730 2018-08-30 22:41 firefox/browser/features/activity-stream@mozilla.org.xpi
-rw-r--r-- 0/0           14600 2018-08-30 22:41 firefox/browser/features/webcompat-reporter@mozilla.org.xpi
-rw-r--r-- 0/0          465990 2018-08-30 22:41 firefox/browser/features/formautofill@mozilla.org.xpi
-rw-r--r-- 0/0            8669 2018-08-30 22:41 firefox/browser/features/aushelper@mozilla.org.xpi
-rw-r--r-- 0/0          897776 2018-08-30 22:41 firefox/browser/features/firefox@getpocket.com.xpi
-rw-r--r-- 0/0           14431 2018-08-30 22:41 firefox/browser/features/webcompat@mozilla.org.xpi
-rw-r--r-- 0/0          563674 2018-08-30 22:41 firefox/browser/features/onboarding@mozilla.org.xpi
-rw-r--r-- 0/0           12667 2018-08-30 21:35 firefox/browser/chrome/icons/default/default128.png
-rw-r--r-- 0/0            5168 2018-08-30 21:36 firefox/browser/chrome/icons/default/default64.png
-rw-r--r-- 0/0            3607 2018-08-30 21:35 firefox/browser/chrome/icons/default/default48.png
-rw-r--r-- 0/0            2145 2018-08-30 21:35 firefox/browser/chrome/icons/default/default32.png
-rw-r--r-- 0/0             798 2018-08-30 21:35 firefox/browser/chrome/icons/default/default16.png
-rw-r--r-- 0/0             132 2018-08-30 22:40 firefox/update-settings.ini
-rwxr-xr-x 0/0          567904 2018-08-30 22:41 firefox/libfreeblpriv3.so
-rw-r--r-- 0/0             157 2018-08-30 22:40 firefox/dependentlibs.list
-rw-r--r-- 0/0             899 2018-08-30 22:41 firefox/libnssdbm3.chk
-rwxr-xr-x 0/0          266512 2018-08-30 22:41 firefox/libsoftokn3.so
-rwxr-xr-x 0/0           60000 2018-08-30 22:41 firefox/liblgpllibs.so
-rwxr-xr-x 0/0          199928 2018-08-30 22:41 firefox/firefox
-rwxr-xr-x 0/0          199928 2018-08-30 22:41 firefox/firefox-bin
-rwxr-xr-x 0/0            6056 2018-08-30 22:41 firefox/libmozgtk.so
-rw-r--r-- 0/0         1057104 2018-08-30 21:36 firefox/fonts/TwemojiMozilla.ttf
-rwxr-xr-x 0/0           18736 2018-08-30 22:41 firefox/libplds4.so
-rw-r--r-- 0/0             899 2018-08-30 22:41 firefox/libsoftokn3.chk
-rw-r--r-- 0/0             681 2018-08-30 22:40 firefox/updater.ini
-rwxr-xr-x 0/0          158880 2018-08-30 22:41 firefox/libnssdbm3.so
-rw-r--r-- 0/0            2153 2018-08-30 21:36 firefox/icons/updater.png
-rwxr-xr-x 0/0        87276520 2018-08-30 22:41 firefox/libxul.so
-rwxr-xr-x 0/0           89184 2018-08-30 22:41 firefox/libmozsandbox.so
-rw-r--r-- 0/0               0 2018-08-30 22:09 firefox/removed-files
-rwxr-xr-x 0/0          191584 2018-08-30 22:41 firefox/plugin-container
-rwxr-xr-x 0/0          105288 2018-08-30 22:41 firefox/gmp-clearkey/0.1/libclearkey.so
-rw-r--r-- 0/0             223 2018-08-30 22:40 firefox/gmp-clearkey/0.1/manifest.json
-rw-r--r-- 0/0            2290 2018-08-30 22:48 firefox/precomplete
-rwxr-xr-x 0/0          697368 2018-08-30 22:41 firefox/libnss3.so
-rw-r--r-- 0/0            1449 2018-08-30 22:47 firefox/firefox.sig
-rw-r--r-- 0/0            1449 2018-08-30 22:47 firefox/firefox-bin.sig
-rw-r--r-- 0/0            1449 2018-08-30 22:48 firefox/libxul.so.sig
-rw-r--r-- 0/0            1449 2018-08-30 22:47 firefox/plugin-container.sig
-rw-r--r-- 0/0            1449 2018-08-30 22:47 firefox/gmp-clearkey/0.1/libclearkey.so.sig
