firefox/platform.ini
firefox/libmozsqlite3.so
firefox/libnssutil3.so
firefox/omni.ja
firefox/pingsender
firefox/libmozavcodec.so
firefox/gtk2/libmozgtk.so
firefox/libsmime3.so
firefox/crashreporter
firefox/libnssckbi.so
firefox/chrome.manifest
firefox/minidump-analyzer
firefox/Throbber-small.gif
firefox/crashreporter.ini
firefox/libnspr4.so
firefox/libfreeblpriv3.chk
firefox/libssl3.so
firefox/updater
firefox/libmozavutil.so
firefox/application.ini
firefox/libplc4.so
firefox/defaults/pref/channel-prefs.js
firefox/browser/omni.ja
firefox/browser/chrome.manifest
firefox/browser/crashreporter-override.ini
firefox/browser/blocklist.xml
firefox/browser/features/screenshots@mozilla.org.xpi
firefox/browser/features/activity-stream@mozilla.org.xpi
firefox/browser/features/webcompat-reporter@mozilla.org.xpi
firefox/browser/features/formautofill@mozilla.org.xpi
firefox/browser/features/aushelper@mozilla.org.xpi
firefox/browser/features/firefox@getpocket.com.xpi
firefox/browser/features/webcompat@mozilla.org.xpi
firefox/browser/features/onboarding@mozilla.org.xpi
firefox/browser/chrome/icons/default/default128.png
firefox/browser/chrome/icons/default/default64.png
firefox/browser/chrome/icons/default/default48.png
firefox/browser/chrome/icons/default/default32.png
firefox/browser/chrome/icons/default/default16.png
firefox/update-settings.ini
firefox/libfreeblpriv3.so
firefox/dependentlibs.list
firefox/libnssdbm3.chk
firefox/libsoftokn3.so
firefox/liblgpllibs.so
firefox/firefox
firefox/firefox-bin
firefox/libmozgtk.so
firefox/fonts/TwemojiMozilla.ttf
firefox/libplds4.so
firefox/libsoftokn3.chk
firefox/updater.ini
firefox/libnssdbm3.so
firefox/icons/updater.png
firefox/libxul.so
firefox/libmozsandbox.so
firefox/removed-files
firefox/plugin-container
firefox/gmp-clearkey/0.1/libclearkey.so
firefox/gmp-clearkey/0.1/manifest.json
firefox/precomplete
firefox/libnss3.so
firefox/firefox.sig
firefox/firefox-bin.sig
firefox/libxul.so.sig
firefox/plugin-container.sig
firefox/gmp-clearkey/0.1/libclearkey.so.sig
